# JRE version: OpenJDK Runtime Environment Temurin-17.0.8.1+1 (17.0.8.1+1) (build 17.0.8.1+1)
# Java VM: OpenJDK 64-Bit Server VM Temurin-17.0.8.1+1 (17.0.8.1+1, mixed mode, tiered, compressed oops, compressed class ptrs, parallel gc, linux-amd64)
GC Precious Log:
 CPUs: 8 total, 8 available
 Memory: 7645M
 Large Page Support: Disabled
 NUMA Support: Disabled
 Compressed Oops: Enabled (32-bit)
 Alignments: Space 512K, Generation 512K, Heap 2M
 Heap Min Capacity: 100M
 Heap Initial Capacity: 100M
 Heap Max Capacity: 1G
 Pre-touch: Disabled
 Parallel Workers: 8
Heap:
 PSYoungGen      total 29696K, used 17412K [0x00000000eab00000, 0x00000000ed380000, 0x0000000100000000)
  eden space 19968K, 87% used [0x00000000eab00000,0x00000000ebc013c8,0x00000000ebe80000)
  from space 9728K, 0% used [0x00000000ebe80000,0x00000000ebe80000,0x00000000ec800000)
  to   space 9728K, 0% used [0x00000000eca00000,0x00000000eca00000,0x00000000ed380000)
 ParOldGen       total 128000K, used 83645K [0x00000000c0000000, 0x00000000c7d00000, 0x00000000eab00000)
  object space 128000K, 65% used [0x00000000c0000000,0x00000000c51af778,0x00000000c7d00000)
 Metaspace       used 67661K, committed 68928K, reserved 1114112K
  class space    used 7276K, committed 7872K, reserved 1048576K
GC Heap History (20 events):
Event: 11.491 GC heap before
{Heap before GC invocations=47 (full 3):
 PSYoungGen      total 12800K, used 12781K [0x00000000eab00000, 0x00000000ebd00000, 0x0000000100000000)
  eden space 10240K, 100% used [0x00000000eab00000,0x00000000eb500000,0x00000000eb500000)
  from space 2560K, 99% used [0x00000000eb880000,0x00000000ebafb540,0x00000000ebb00000)
  to   space 2048K, 0% used [0x00000000ebb00000,0x00000000ebb00000,0x00000000ebd00000)
 ParOldGen       total 106496K, used 102785K [0x00000000c0000000, 0x00000000c6800000, 0x00000000eab00000)
  object space 106496K, 96% used [0x00000000c0000000,0x00000000c6460550,0x00000000c6800000)
 Metaspace       used 64053K, committed 65216K, reserved 1114112K
  class space    used 6946K, committed 7488K, reserved 1048576K
}
Event: 11.495 GC heap after
{Heap after GC invocations=47 (full 3):
 PSYoungGen      total 12288K, used 2016K [0x00000000eab00000, 0x00000000ebf00000, 0x0000000100000000)
  eden space 10240K, 0% used [0x00000000eab00000,0x00000000eab00000,0x00000000eb500000)
  from space 2048K, 98% used [0x00000000ebb00000,0x00000000ebcf82e0,0x00000000ebd00000)
  to   space 5120K, 0% used [0x00000000eb500000,0x00000000eb500000,0x00000000eba00000)
 ParOldGen       total 106496K, used 105409K [0x00000000c0000000, 0x00000000c6800000, 0x00000000eab00000)
  object space 106496K, 98% used [0x00000000c0000000,0x00000000c66f0560,0x00000000c6800000)
 Metaspace       used 64053K, committed 65216K, reserved 1114112K
  class space    used 6946K, committed 7488K, reserved 1048576K
}
Event: 11.495 GC heap before
{Heap before GC invocations=48 (full 4):
 PSYoungGen      total 12288K, used 2016K [0x00000000eab00000, 0x00000000ebf00000, 0x0000000100000000)
  eden space 10240K, 0% used [0x00000000eab00000,0x00000000eab00000,0x00000000eb500000)
  from space 2048K, 98% used [0x00000000ebb00000,0x00000000ebcf82e0,0x00000000ebd00000)
  to   space 5120K, 0% used [0x00000000eb500000,0x00000000eb500000,0x00000000eba00000)
 ParOldGen       total 106496K, used 105409K [0x00000000c0000000, 0x00000000c6800000, 0x00000000eab00000)
  object space 106496K, 98% used [0x00000000c0000000,0x00000000c66f0560,0x00000000c6800000)
 Metaspace       used 64053K, committed 65216K, reserved 1114112K
  class space    used 6946K, committed 7488K, reserved 1048576K
}
Event: 11.584 GC heap after
{Heap after GC invocations=48 (full 4):
 PSYoungGen      total 15360K, used 0K [0x00000000eab00000, 0x00000000ebf00000, 0x0000000100000000)
  eden space 10240K, 0% used [0x00000000eab00000,0x00000000eab00000,0x00000000eb500000)
  from space 5120K, 0% used [0x00000000eb500000,0x00000000eb500000,0x00000000eba00000)
  to   space 5120K, 0% used [0x00000000eba00000,0x00000000eba00000,0x00000000ebf00000)
 ParOldGen       total 95232K, used 67343K [0x00000000c0000000, 0x00000000c5d00000, 0x00000000eab00000)
  object space 95232K, 70% used [0x00000000c0000000,0x00000000c41c3e80,0x00000000c5d00000)
 Metaspace       used 64052K, committed 65216K, reserved 1114112K
  class space    used 6945K, committed 7488K, reserved 1048576K
}
Event: 11.614 GC heap before
{Heap before GC invocations=49 (full 4):
 PSYoungGen      total 15360K, used 10240K [0x00000000eab00000, 0x00000000ebf00000, 0x0000000100000000)
  eden space 10240K, 100% used [0x00000000eab00000,0x00000000eb500000,0x00000000eb500000)
  from space 5120K, 0% used [0x00000000eb500000,0x00000000eb500000,0x00000000eba00000)
  to   space 5120K, 0% used [0x00000000eba00000,0x00000000eba00000,0x00000000ebf00000)
 ParOldGen       total 95232K, used 67343K [0x00000000c0000000, 0x00000000c5d00000, 0x00000000eab00000)
  object space 95232K, 70% used [0x00000000c0000000,0x00000000c41c3e80,0x00000000c5d00000)
 Metaspace       used 64191K, committed 65472K, reserved 1114112K
  class space    used 6958K, committed 7552K, reserved 1048576K
}
Event: 11.618 GC heap after
{Heap after GC invocations=49 (full 4):
 PSYoungGen      total 15360K, used 4545K [0x00000000eab00000, 0x00000000ebf00000, 0x0000000100000000)
  eden space 10240K, 0% used [0x00000000eab00000,0x00000000eab00000,0x00000000eb500000)
  from space 5120K, 88% used [0x00000000eba00000,0x00000000ebe707c0,0x00000000ebf00000)
  to   space 5120K, 0% used [0x00000000eb500000,0x00000000eb500000,0x00000000eba00000)
 ParOldGen       total 95232K, used 67343K [0x00000000c0000000, 0x00000000c5d00000, 0x00000000eab00000)
  object space 95232K, 70% used [0x00000000c0000000,0x00000000c41c3e80,0x00000000c5d00000)
 Metaspace       used 64191K, committed 65472K, reserved 1114112K
  class space    used 6958K, committed 7552K, reserved 1048576K
}
Event: 11.654 GC heap before
{Heap before GC invocations=50 (full 4):
 PSYoungGen      total 15360K, used 14785K [0x00000000eab00000, 0x00000000ebf00000, 0x0000000100000000)
  eden space 10240K, 100% used [0x00000000eab00000,0x00000000eb500000,0x00000000eb500000)
  from space 5120K, 88% used [0x00000000eba00000,0x00000000ebe707c0,0x00000000ebf00000)
  to   space 5120K, 0% used [0x00000000eb500000,0x00000000eb500000,0x00000000eba00000)
 ParOldGen       total 95232K, used 67343K [0x00000000c0000000, 0x00000000c5d00000, 0x00000000eab00000)
  object space 95232K, 70% used [0x00000000c0000000,0x00000000c41c3e80,0x00000000c5d00000)
 Metaspace       used 64200K, committed 65472K, reserved 1114112K
  class space    used 6959K, committed 7552K, reserved 1048576K
}
Event: 11.668 GC heap after
{Heap after GC invocations=50 (full 4):
 PSYoungGen      total 15360K, used 4493K [0x00000000eab00000, 0x00000000ec000000, 0x0000000100000000)
  eden space 10240K, 0% used [0x00000000eab00000,0x00000000eab00000,0x00000000eb500000)
  from space 5120K, 87% used [0x00000000eb500000,0x00000000eb9636c8,0x00000000eba00000)
  to   space 4608K, 0% used [0x00000000ebb80000,0x00000000ebb80000,0x00000000ec000000)
 ParOldGen       total 95232K, used 70904K [0x00000000c0000000, 0x00000000c5d00000, 0x00000000eab00000)
  object space 95232K, 74% used [0x00000000c0000000,0x00000000c453e0b0,0x00000000c5d00000)
 Metaspace       used 64200K, committed 65472K, reserved 1114112K
  class space    used 6959K, committed 7552K, reserved 1048576K
}
Event: 11.692 GC heap before
{Heap before GC invocations=51 (full 4):
 PSYoungGen      total 15360K, used 14733K [0x00000000eab00000, 0x00000000ec000000, 0x0000000100000000)
  eden space 10240K, 100% used [0x00000000eab00000,0x00000000eb500000,0x00000000eb500000)
  from space 5120K, 87% used [0x00000000eb500000,0x00000000eb9636c8,0x00000000eba00000)
  to   space 4608K, 0% used [0x00000000ebb80000,0x00000000ebb80000,0x00000000ec000000)
 ParOldGen       total 95232K, used 70904K [0x00000000c0000000, 0x00000000c5d00000, 0x00000000eab00000)
  object space 95232K, 74% used [0x00000000c0000000,0x00000000c453e0b0,0x00000000c5d00000)
 Metaspace       used 64203K, committed 65472K, reserved 1114112K
  class space    used 6959K, committed 7552K, reserved 1048576K
}
Event: 11.699 GC heap after
{Heap after GC invocations=51 (full 4):
 PSYoungGen      total 16896K, used 4289K [0x00000000eab00000, 0x00000000ec000000, 0x0000000100000000)
  eden space 12288K, 0% used [0x00000000eab00000,0x00000000eab00000,0x00000000eb700000)
  from space 4608K, 93% used [0x00000000ebb80000,0x00000000ebfb0680,0x00000000ec000000)
  to   space 4608K, 0% used [0x00000000eb700000,0x00000000eb700000,0x00000000ebb80000)
 ParOldGen       total 95232K, used 74992K [0x00000000c0000000, 0x00000000c5d00000, 0x00000000eab00000)
  object space 95232K, 78% used [0x00000000c0000000,0x00000000c493c0b0,0x00000000c5d00000)
 Metaspace       used 64203K, committed 65472K, reserved 1114112K
  class space    used 6959K, committed 7552K, reserved 1048576K
}
Event: 11.730 GC heap before
{Heap before GC invocations=52 (full 4):
 PSYoungGen      total 16896K, used 16577K [0x00000000eab00000, 0x00000000ec000000, 0x0000000100000000)
  eden space 12288K, 100% used [0x00000000eab00000,0x00000000eb700000,0x00000000eb700000)
  from space 4608K, 93% used [0x00000000ebb80000,0x00000000ebfb0680,0x00000000ec000000)
  to   space 4608K, 0% used [0x00000000eb700000,0x00000000eb700000,0x00000000ebb80000)
 ParOldGen       total 95232K, used 74992K [0x00000000c0000000, 0x00000000c5d00000, 0x00000000eab00000)
  object space 95232K, 78% used [0x00000000c0000000,0x00000000c493c0b0,0x00000000c5d00000)
 Metaspace       used 64225K, committed 65472K, reserved 1114112K
  class space    used 6959K, committed 7552K, reserved 1048576K
}
Event: 11.737 GC heap after
{Heap after GC invocations=52 (full 4):
 PSYoungGen      total 16896K, used 4607K [0x00000000eab00000, 0x00000000ecc80000, 0x0000000100000000)
  eden space 12288K, 0% used [0x00000000eab00000,0x00000000eab00000,0x00000000eb700000)
  from space 4608K, 99% used [0x00000000eb700000,0x00000000ebb7fed8,0x00000000ebb80000)
  to   space 9728K, 0% used [0x00000000ec300000,0x00000000ec300000,0x00000000ecc80000)
 ParOldGen       total 95232K, used 79240K [0x00000000c0000000, 0x00000000c5d00000, 0x00000000eab00000)
  object space 95232K, 83% used [0x00000000c0000000,0x00000000c4d620b0,0x00000000c5d00000)
 Metaspace       used 64225K, committed 65472K, reserved 1114112K
  class space    used 6959K, committed 7552K, reserved 1048576K
}
Event: 11.772 GC heap before
{Heap before GC invocations=53 (full 4):
 PSYoungGen      total 16896K, used 16895K [0x00000000eab00000, 0x00000000ecc80000, 0x0000000100000000)
  eden space 12288K, 100% used [0x00000000eab00000,0x00000000eb700000,0x00000000eb700000)
  from space 4608K, 99% used [0x00000000eb700000,0x00000000ebb7fed8,0x00000000ebb80000)
  to   space 9728K, 0% used [0x00000000ec300000,0x00000000ec300000,0x00000000ecc80000)
 ParOldGen       total 95232K, used 79240K [0x00000000c0000000, 0x00000000c5d00000, 0x00000000eab00000)
  object space 95232K, 83% used [0x00000000c0000000,0x00000000c4d620b0,0x00000000c5d00000)
 Metaspace       used 64695K, committed 65920K, reserved 1114112K
  class space    used 6997K, committed 7552K, reserved 1048576K
}
Event: 11.779 GC heap after
{Heap after GC invocations=53 (full 4):
 PSYoungGen      total 19968K, used 5120K [0x00000000eab00000, 0x00000000ec800000, 0x0000000100000000)
  eden space 14848K, 0% used [0x00000000eab00000,0x00000000eab00000,0x00000000eb980000)
  from space 5120K, 100% used [0x00000000ec300000,0x00000000ec800000,0x00000000ec800000)
  to   space 6656K, 0% used [0x00000000ebb00000,0x00000000ebb00000,0x00000000ec180000)
 ParOldGen       total 95232K, used 83040K [0x00000000c0000000, 0x00000000c5d00000, 0x00000000eab00000)
  object space 95232K, 87% used [0x00000000c0000000,0x00000000c51180b0,0x00000000c5d00000)
 Metaspace       used 64695K, committed 65920K, reserved 1114112K
  class space    used 6997K, committed 7552K, reserved 1048576K
}
Event: 11.861 GC heap before
{Heap before GC invocations=54 (full 4):
 PSYoungGen      total 19968K, used 19968K [0x00000000eab00000, 0x00000000ec800000, 0x0000000100000000)
  eden space 14848K, 100% used [0x00000000eab00000,0x00000000eb980000,0x00000000eb980000)
  from space 5120K, 100% used [0x00000000ec300000,0x00000000ec800000,0x00000000ec800000)
  to   space 6656K, 0% used [0x00000000ebb00000,0x00000000ebb00000,0x00000000ec180000)
 ParOldGen       total 95232K, used 83040K [0x00000000c0000000, 0x00000000c5d00000, 0x00000000eab00000)
  object space 95232K, 87% used [0x00000000c0000000,0x00000000c51180b0,0x00000000c5d00000)
 Metaspace       used 65660K, committed 66944K, reserved 1114112K
  class space    used 7096K, committed 7680K, reserved 1048576K
}
Event: 11.877 GC heap after
{Heap after GC invocations=54 (full 4):
 PSYoungGen      total 23040K, used 6645K [0x00000000eab00000, 0x00000000ed600000, 0x0000000100000000)
  eden space 16384K, 0% used [0x00000000eab00000,0x00000000eab00000,0x00000000ebb00000)
  from space 6656K, 99% used [0x00000000ebb00000,0x00000000ec17d5f0,0x00000000ec180000)
  to   space 13312K, 0% used [0x00000000ec900000,0x00000000ec900000,0x00000000ed600000)
 ParOldGen       total 95232K, used 88160K [0x00000000c0000000, 0x00000000c5d00000, 0x00000000eab00000)
  object space 95232K, 92% used [0x00000000c0000000,0x00000000c56180b0,0x00000000c5d00000)
 Metaspace       used 65660K, committed 66944K, reserved 1114112K
  class space    used 7096K, committed 7680K, reserved 1048576K
}
Event: 12.010 GC heap before
{Heap before GC invocations=55 (full 4):
 PSYoungGen      total 23040K, used 23029K [0x00000000eab00000, 0x00000000ed600000, 0x0000000100000000)
  eden space 16384K, 99% used [0x00000000eab00000,0x00000000ebafffd0,0x00000000ebb00000)
  from space 6656K, 99% used [0x00000000ebb00000,0x00000000ec17d5f0,0x00000000ec180000)
  to   space 13312K, 0% used [0x00000000ec900000,0x00000000ec900000,0x00000000ed600000)
 ParOldGen       total 95232K, used 88160K [0x00000000c0000000, 0x00000000c5d00000, 0x00000000eab00000)
  object space 95232K, 92% used [0x00000000c0000000,0x00000000c56180b0,0x00000000c5d00000)
 Metaspace       used 66158K, committed 67456K, reserved 1114112K
  class space    used 7132K, committed 7744K, reserved 1048576K
}
Event: 12.034 GC heap after
{Heap after GC invocations=55 (full 4):
 PSYoungGen      total 28160K, used 8480K [0x00000000eab00000, 0x00000000ed180000, 0x0000000100000000)
  eden space 19456K, 0% used [0x00000000eab00000,0x00000000eab00000,0x00000000ebe00000)
  from space 8704K, 97% used [0x00000000ec900000,0x00000000ed148000,0x00000000ed180000)
  to   space 9728K, 0% used [0x00000000ebe80000,0x00000000ebe80000,0x00000000ec800000)
 ParOldGen       total 95232K, used 94700K [0x00000000c0000000, 0x00000000c5d00000, 0x00000000eab00000)
  object space 95232K, 99% used [0x00000000c0000000,0x00000000c5c7b2e8,0x00000000c5d00000)
 Metaspace       used 66158K, committed 67456K, reserved 1114112K
  class space    used 7132K, committed 7744K, reserved 1048576K
}
Event: 12.034 GC heap before
{Heap before GC invocations=56 (full 5):
 PSYoungGen      total 28160K, used 8480K [0x00000000eab00000, 0x00000000ed180000, 0x0000000100000000)
  eden space 19456K, 0% used [0x00000000eab00000,0x00000000eab00000,0x00000000ebe00000)
  from space 8704K, 97% used [0x00000000ec900000,0x00000000ed148000,0x00000000ed180000)
  to   space 9728K, 0% used [0x00000000ebe80000,0x00000000ebe80000,0x00000000ec800000)
 ParOldGen       total 95232K, used 94700K [0x00000000c0000000, 0x00000000c5d00000, 0x00000000eab00000)
  object space 95232K, 99% used [0x00000000c0000000,0x00000000c5c7b2e8,0x00000000c5d00000)
 Metaspace       used 66158K, committed 67456K, reserved 1114112K
  class space    used 7132K, committed 7744K, reserved 1048576K
}
Event: 12.159 GC heap after
{Heap after GC invocations=56 (full 5):
 PSYoungGen      total 29696K, used 0K [0x00000000eab00000, 0x00000000ed380000, 0x0000000100000000)
  eden space 19968K, 0% used [0x00000000eab00000,0x00000000eab00000,0x00000000ebe80000)
  from space 9728K, 0% used [0x00000000ebe80000,0x00000000ebe80000,0x00000000ec800000)
  to   space 9728K, 0% used [0x00000000eca00000,0x00000000eca00000,0x00000000ed380000)
 ParOldGen       total 128000K, used 83645K [0x00000000c0000000, 0x00000000c7d00000, 0x00000000eab00000)
  object space 128000K, 65% used [0x00000000c0000000,0x00000000c51af778,0x00000000c7d00000)
 Metaspace       used 66158K, committed 67456K, reserved 1114112K
  class space    used 7132K, committed 7744K, reserved 1048576K
}

