# JRE version: OpenJDK Runtime Environment Temurin-17.0.8.1+1 (17.0.8.1+1) (build 17.0.8.1+1)
# Java VM: OpenJDK 64-Bit Server VM Temurin-17.0.8.1+1 (17.0.8.1+1, mixed mode, tiered, compressed oops, compressed class ptrs, parallel gc, linux-amd64)
GC Precious Log:
 CPUs: 8 total, 8 available
 Memory: 7645M
 Large Page Support: Disabled
 NUMA Support: Disabled
 Compressed Oops: Enabled (32-bit)
 Alignments: Space 512K, Generation 512K, Heap 2M
 Heap Min Capacity: 100M
 Heap Initial Capacity: 100M
 Heap Max Capacity: 1G
 Pre-touch: Disabled
 Parallel Workers: 8
Heap:
 PSYoungGen      total 15360K, used 15134K [0x00000000eab00000, 0x00000000ec280000, 0x0000000100000000)
  eden space 8192K, 100% used [0x00000000eab00000,0x00000000eb300000,0x00000000eb300000)
  from space 7168K, 96% used [0x00000000eba80000,0x00000000ec147820,0x00000000ec180000)
  to   space 7680K, 0% used [0x00000000eb300000,0x00000000eb300000,0x00000000eba80000)
 ParOldGen       total 176128K, used 108323K [0x00000000c0000000, 0x00000000cac00000, 0x00000000eab00000)
  object space 176128K, 61% used [0x00000000c0000000,0x00000000c69c8f58,0x00000000cac00000)
 Metaspace       used 72088K, committed 73344K, reserved 1114112K
  class space    used 7589K, committed 8128K, reserved 1048576K
GC Heap History (20 events):
Event: 15.778 GC heap after
{Heap after GC invocations=94 (full 6):
 PSYoungGen      total 10752K, used 1516K [0x00000000eab00000, 0x00000000eba00000, 0x0000000100000000)
  eden space 9216K, 0% used [0x00000000eab00000,0x00000000eab00000,0x00000000eb400000)
  from space 1536K, 98% used [0x00000000eb400000,0x00000000eb57b210,0x00000000eb580000)
  to   space 2560K, 0% used [0x00000000eb780000,0x00000000eb780000,0x00000000eba00000)
 ParOldGen       total 145408K, used 133266K [0x00000000c0000000, 0x00000000c8e00000, 0x00000000eab00000)
  object space 145408K, 91% used [0x00000000c0000000,0x00000000c8224b20,0x00000000c8e00000)
 Metaspace       used 71259K, committed 72576K, reserved 1114112K
  class space    used 7518K, committed 8064K, reserved 1048576K
}
Event: 15.791 GC heap before
{Heap before GC invocations=95 (full 6):
 PSYoungGen      total 10752K, used 10638K [0x00000000eab00000, 0x00000000eba00000, 0x0000000100000000)
  eden space 9216K, 98% used [0x00000000eab00000,0x00000000eb3e86a8,0x00000000eb400000)
  from space 1536K, 98% used [0x00000000eb400000,0x00000000eb57b210,0x00000000eb580000)
  to   space 2560K, 0% used [0x00000000eb780000,0x00000000eb780000,0x00000000eba00000)
 ParOldGen       total 145408K, used 133266K [0x00000000c0000000, 0x00000000c8e00000, 0x00000000eab00000)
  object space 145408K, 91% used [0x00000000c0000000,0x00000000c8224b20,0x00000000c8e00000)
 Metaspace       used 71271K, committed 72576K, reserved 1114112K
  class space    used 7518K, committed 8064K, reserved 1048576K
}
Event: 15.793 GC heap after
{Heap after GC invocations=95 (full 6):
 PSYoungGen      total 11264K, used 576K [0x00000000eab00000, 0x00000000eb880000, 0x0000000100000000)
  eden space 10240K, 0% used [0x00000000eab00000,0x00000000eab00000,0x00000000eb500000)
  from space 1024K, 56% used [0x00000000eb780000,0x00000000eb810000,0x00000000eb880000)
  to   space 1536K, 0% used [0x00000000eb580000,0x00000000eb580000,0x00000000eb700000)
 ParOldGen       total 145408K, used 133809K [0x00000000c0000000, 0x00000000c8e00000, 0x00000000eab00000)
  object space 145408K, 92% used [0x00000000c0000000,0x00000000c82ac430,0x00000000c8e00000)
 Metaspace       used 71271K, committed 72576K, reserved 1114112K
  class space    used 7518K, committed 8064K, reserved 1048576K
}
Event: 15.824 GC heap before
{Heap before GC invocations=96 (full 6):
 PSYoungGen      total 11264K, used 10816K [0x00000000eab00000, 0x00000000eb880000, 0x0000000100000000)
  eden space 10240K, 100% used [0x00000000eab00000,0x00000000eb500000,0x00000000eb500000)
  from space 1024K, 56% used [0x00000000eb780000,0x00000000eb810000,0x00000000eb880000)
  to   space 1536K, 0% used [0x00000000eb580000,0x00000000eb580000,0x00000000eb700000)
 ParOldGen       total 145408K, used 133809K [0x00000000c0000000, 0x00000000c8e00000, 0x00000000eab00000)
  object space 145408K, 92% used [0x00000000c0000000,0x00000000c82ac430,0x00000000c8e00000)
 Metaspace       used 71326K, committed 72640K, reserved 1114112K
  class space    used 7518K, committed 8064K, reserved 1048576K
}
Event: 15.825 GC heap after
{Heap after GC invocations=96 (full 6):
 PSYoungGen      total 12288K, used 1168K [0x00000000eab00000, 0x00000000eb900000, 0x0000000100000000)
  eden space 10752K, 0% used [0x00000000eab00000,0x00000000eab00000,0x00000000eb580000)
  from space 1536K, 76% used [0x00000000eb580000,0x00000000eb6a4338,0x00000000eb700000)
  to   space 1536K, 0% used [0x00000000eb780000,0x00000000eb780000,0x00000000eb900000)
 ParOldGen       total 145408K, used 133817K [0x00000000c0000000, 0x00000000c8e00000, 0x00000000eab00000)
  object space 145408K, 92% used [0x00000000c0000000,0x00000000c82ae430,0x00000000c8e00000)
 Metaspace       used 71326K, committed 72640K, reserved 1114112K
  class space    used 7518K, committed 8064K, reserved 1048576K
}
Event: 15.849 GC heap before
{Heap before GC invocations=97 (full 6):
 PSYoungGen      total 12288K, used 11920K [0x00000000eab00000, 0x00000000eb900000, 0x0000000100000000)
  eden space 10752K, 100% used [0x00000000eab00000,0x00000000eb580000,0x00000000eb580000)
  from space 1536K, 76% used [0x00000000eb580000,0x00000000eb6a4338,0x00000000eb700000)
  to   space 1536K, 0% used [0x00000000eb780000,0x00000000eb780000,0x00000000eb900000)
 ParOldGen       total 145408K, used 133817K [0x00000000c0000000, 0x00000000c8e00000, 0x00000000eab00000)
  object space 145408K, 92% used [0x00000000c0000000,0x00000000c82ae430,0x00000000c8e00000)
 Metaspace       used 71338K, committed 72640K, reserved 1114112K
  class space    used 7518K, committed 8064K, reserved 1048576K
}
Event: 15.852 GC heap after
{Heap after GC invocations=97 (full 6):
 PSYoungGen      total 12288K, used 1536K [0x00000000eab00000, 0x00000000eba80000, 0x0000000100000000)
  eden space 10752K, 0% used [0x00000000eab00000,0x00000000eab00000,0x00000000eb580000)
  from space 1536K, 100% used [0x00000000eb780000,0x00000000eb900000,0x00000000eb900000)
  to   space 2048K, 0% used [0x00000000eb580000,0x00000000eb580000,0x00000000eb780000)
 ParOldGen       total 145408K, used 133849K [0x00000000c0000000, 0x00000000c8e00000, 0x00000000eab00000)
  object space 145408K, 92% used [0x00000000c0000000,0x00000000c82b6430,0x00000000c8e00000)
 Metaspace       used 71338K, committed 72640K, reserved 1114112K
  class space    used 7518K, committed 8064K, reserved 1048576K
}
Event: 15.878 GC heap before
{Heap before GC invocations=98 (full 6):
 PSYoungGen      total 12288K, used 12288K [0x00000000eab00000, 0x00000000eba80000, 0x0000000100000000)
  eden space 10752K, 100% used [0x00000000eab00000,0x00000000eb580000,0x00000000eb580000)
  from space 1536K, 100% used [0x00000000eb780000,0x00000000eb900000,0x00000000eb900000)
  to   space 2048K, 0% used [0x00000000eb580000,0x00000000eb580000,0x00000000eb780000)
 ParOldGen       total 145408K, used 133849K [0x00000000c0000000, 0x00000000c8e00000, 0x00000000eab00000)
  object space 145408K, 92% used [0x00000000c0000000,0x00000000c82b6430,0x00000000c8e00000)
 Metaspace       used 71360K, committed 72640K, reserved 1114112K
  class space    used 7519K, committed 8064K, reserved 1048576K
}
Event: 15.885 GC heap after
{Heap after GC invocations=98 (full 6):
 PSYoungGen      total 12800K, used 1484K [0x00000000eab00000, 0x00000000eba00000, 0x0000000100000000)
  eden space 10752K, 0% used [0x00000000eab00000,0x00000000eab00000,0x00000000eb580000)
  from space 2048K, 72% used [0x00000000eb580000,0x00000000eb6f3158,0x00000000eb780000)
  to   space 1536K, 0% used [0x00000000eb880000,0x00000000eb880000,0x00000000eba00000)
 ParOldGen       total 145408K, used 134789K [0x00000000c0000000, 0x00000000c8e00000, 0x00000000eab00000)
  object space 145408K, 92% used [0x00000000c0000000,0x00000000c83a1440,0x00000000c8e00000)
 Metaspace       used 71360K, committed 72640K, reserved 1114112K
  class space    used 7519K, committed 8064K, reserved 1048576K
}
Event: 15.925 GC heap before
{Heap before GC invocations=99 (full 6):
 PSYoungGen      total 12800K, used 12236K [0x00000000eab00000, 0x00000000eba00000, 0x0000000100000000)
  eden space 10752K, 100% used [0x00000000eab00000,0x00000000eb580000,0x00000000eb580000)
  from space 2048K, 72% used [0x00000000eb580000,0x00000000eb6f3158,0x00000000eb780000)
  to   space 1536K, 0% used [0x00000000eb880000,0x00000000eb880000,0x00000000eba00000)
 ParOldGen       total 145408K, used 134789K [0x00000000c0000000, 0x00000000c8e00000, 0x00000000eab00000)
  object space 145408K, 92% used [0x00000000c0000000,0x00000000c83a1440,0x00000000c8e00000)
 Metaspace       used 71409K, committed 72704K, reserved 1114112K
  class space    used 7519K, committed 8064K, reserved 1048576K
}
Event: 15.927 GC heap after
{Heap after GC invocations=99 (full 6):
 PSYoungGen      total 13312K, used 1520K [0x00000000eab00000, 0x00000000eba80000, 0x0000000100000000)
  eden space 11776K, 0% used [0x00000000eab00000,0x00000000eab00000,0x00000000eb680000)
  from space 1536K, 98% used [0x00000000eb880000,0x00000000eb9fc010,0x00000000eba00000)
  to   space 2048K, 0% used [0x00000000eb680000,0x00000000eb680000,0x00000000eb880000)
 ParOldGen       total 145408K, used 135045K [0x00000000c0000000, 0x00000000c8e00000, 0x00000000eab00000)
  object space 145408K, 92% used [0x00000000c0000000,0x00000000c83e14b0,0x00000000c8e00000)
 Metaspace       used 71409K, committed 72704K, reserved 1114112K
  class space    used 7519K, committed 8064K, reserved 1048576K
}
Event: 15.983 GC heap before
{Heap before GC invocations=100 (full 6):
 PSYoungGen      total 13312K, used 13296K [0x00000000eab00000, 0x00000000eba80000, 0x0000000100000000)
  eden space 11776K, 100% used [0x00000000eab00000,0x00000000eb680000,0x00000000eb680000)
  from space 1536K, 98% used [0x00000000eb880000,0x00000000eb9fc010,0x00000000eba00000)
  to   space 2048K, 0% used [0x00000000eb680000,0x00000000eb680000,0x00000000eb880000)
 ParOldGen       total 145408K, used 135045K [0x00000000c0000000, 0x00000000c8e00000, 0x00000000eab00000)
  object space 145408K, 92% used [0x00000000c0000000,0x00000000c83e14b0,0x00000000c8e00000)
 Metaspace       used 71741K, committed 72960K, reserved 1114112K
  class space    used 7543K, committed 8064K, reserved 1048576K
}
Event: 16.003 GC heap after
{Heap after GC invocations=100 (full 6):
 PSYoungGen      total 13824K, used 1232K [0x00000000eab00000, 0x00000000ebb00000, 0x0000000100000000)
  eden space 11776K, 0% used [0x00000000eab00000,0x00000000eab00000,0x00000000eb680000)
  from space 2048K, 60% used [0x00000000eb680000,0x00000000eb7b4010,0x00000000eb880000)
  to   space 1536K, 0% used [0x00000000eb980000,0x00000000eb980000,0x00000000ebb00000)
 ParOldGen       total 145408K, used 136009K [0x00000000c0000000, 0x00000000c8e00000, 0x00000000eab00000)
  object space 145408K, 93% used [0x00000000c0000000,0x00000000c84d2580,0x00000000c8e00000)
 Metaspace       used 71741K, committed 72960K, reserved 1114112K
  class space    used 7543K, committed 8064K, reserved 1048576K
}
Event: 16.244 GC heap before
{Heap before GC invocations=101 (full 6):
 PSYoungGen      total 13824K, used 13008K [0x00000000eab00000, 0x00000000ebb00000, 0x0000000100000000)
  eden space 11776K, 100% used [0x00000000eab00000,0x00000000eb680000,0x00000000eb680000)
  from space 2048K, 60% used [0x00000000eb680000,0x00000000eb7b4010,0x00000000eb880000)
  to   space 1536K, 0% used [0x00000000eb980000,0x00000000eb980000,0x00000000ebb00000)
 ParOldGen       total 145408K, used 136009K [0x00000000c0000000, 0x00000000c8e00000, 0x00000000eab00000)
  object space 145408K, 93% used [0x00000000c0000000,0x00000000c84d2580,0x00000000c8e00000)
 Metaspace       used 72062K, committed 73280K, reserved 1114112K
  class space    used 7589K, committed 8128K, reserved 1048576K
}
Event: 16.263 GC heap after
{Heap after GC invocations=101 (full 6):
 PSYoungGen      total 9216K, used 1532K [0x00000000eab00000, 0x00000000ec600000, 0x0000000100000000)
  eden space 7680K, 0% used [0x00000000eab00000,0x00000000eab00000,0x00000000eb280000)
  from space 1536K, 99% used [0x00000000eb980000,0x00000000ebaff1f0,0x00000000ebb00000)
  to   space 7168K, 0% used [0x00000000eb280000,0x00000000eb280000,0x00000000eb980000)
 ParOldGen       total 145408K, used 140742K [0x00000000c0000000, 0x00000000c8e00000, 0x00000000eab00000)
  object space 145408K, 96% used [0x00000000c0000000,0x00000000c89718f0,0x00000000c8e00000)
 Metaspace       used 72062K, committed 73280K, reserved 1114112K
  class space    used 7589K, committed 8128K, reserved 1048576K
}
Event: 16.263 GC heap before
{Heap before GC invocations=102 (full 7):
 PSYoungGen      total 9216K, used 1532K [0x00000000eab00000, 0x00000000ec600000, 0x0000000100000000)
  eden space 7680K, 0% used [0x00000000eab00000,0x00000000eab00000,0x00000000eb280000)
  from space 1536K, 99% used [0x00000000eb980000,0x00000000ebaff1f0,0x00000000ebb00000)
  to   space 7168K, 0% used [0x00000000eb280000,0x00000000eb280000,0x00000000eb980000)
 ParOldGen       total 145408K, used 140742K [0x00000000c0000000, 0x00000000c8e00000, 0x00000000eab00000)
  object space 145408K, 96% used [0x00000000c0000000,0x00000000c89718f0,0x00000000c8e00000)
 Metaspace       used 72062K, committed 73280K, reserved 1114112K
  class space    used 7589K, committed 8128K, reserved 1048576K
}
Event: 16.484 GC heap after
{Heap after GC invocations=102 (full 7):
 PSYoungGen      total 14848K, used 0K [0x00000000eab00000, 0x00000000ec180000, 0x0000000100000000)
  eden space 7680K, 0% used [0x00000000eab00000,0x00000000eab00000,0x00000000eb280000)
  from space 7168K, 0% used [0x00000000eb280000,0x00000000eb280000,0x00000000eb980000)
  to   space 7168K, 0% used [0x00000000eba80000,0x00000000eba80000,0x00000000ec180000)
 ParOldGen       total 176128K, used 108323K [0x00000000c0000000, 0x00000000cac00000, 0x00000000eab00000)
  object space 176128K, 61% used [0x00000000c0000000,0x00000000c69c8f58,0x00000000cac00000)
 Metaspace       used 72062K, committed 73280K, reserved 1114112K
  class space    used 7589K, committed 8128K, reserved 1048576K
}
Event: 16.532 GC heap before
{Heap before GC invocations=103 (full 7):
 PSYoungGen      total 14848K, used 7679K [0x00000000eab00000, 0x00000000ec180000, 0x0000000100000000)
  eden space 7680K, 99% used [0x00000000eab00000,0x00000000eb27ff48,0x00000000eb280000)
  from space 7168K, 0% used [0x00000000eb280000,0x00000000eb280000,0x00000000eb980000)
  to   space 7168K, 0% used [0x00000000eba80000,0x00000000eba80000,0x00000000ec180000)
 ParOldGen       total 176128K, used 108323K [0x00000000c0000000, 0x00000000cac00000, 0x00000000eab00000)
  object space 176128K, 61% used [0x00000000c0000000,0x00000000c69c8f58,0x00000000cac00000)
 Metaspace       used 72080K, committed 73344K, reserved 1114112K
  class space    used 7589K, committed 8128K, reserved 1048576K
}
Event: 16.541 GC heap after
{Heap after GC invocations=103 (full 7):
 PSYoungGen      total 15360K, used 6942K [0x00000000eab00000, 0x00000000ec280000, 0x0000000100000000)
  eden space 8192K, 0% used [0x00000000eab00000,0x00000000eab00000,0x00000000eb300000)
  from space 7168K, 96% used [0x00000000eba80000,0x00000000ec147820,0x00000000ec180000)
  to   space 7680K, 0% used [0x00000000eb300000,0x00000000eb300000,0x00000000eba80000)
 ParOldGen       total 176128K, used 108323K [0x00000000c0000000, 0x00000000cac00000, 0x00000000eab00000)
  object space 176128K, 61% used [0x00000000c0000000,0x00000000c69c8f58,0x00000000cac00000)
 Metaspace       used 72080K, committed 73344K, reserved 1114112K
  class space    used 7589K, committed 8128K, reserved 1048576K
}
Event: 16.607 GC heap before
{Heap before GC invocations=104 (full 7):
 PSYoungGen      total 15360K, used 15134K [0x00000000eab00000, 0x00000000ec280000, 0x0000000100000000)
  eden space 8192K, 100% used [0x00000000eab00000,0x00000000eb300000,0x00000000eb300000)
  from space 7168K, 96% used [0x00000000eba80000,0x00000000ec147820,0x00000000ec180000)
  to   space 7680K, 0% used [0x00000000eb300000,0x00000000eb300000,0x00000000eba80000)
 ParOldGen       total 176128K, used 108323K [0x00000000c0000000, 0x00000000cac00000, 0x00000000eab00000)
  object space 176128K, 61% used [0x00000000c0000000,0x00000000c69c8f58,0x00000000cac00000)
 Metaspace       used 72088K, committed 73344K, reserved 1114112K
  class space    used 7589K, committed 8128K, reserved 1048576K
}

